EMPLOYEES.eid  EMPLOYEES.ename  EMPLOYEES.salary  
0	hjolarkzzjhpjqxyoldq	13171	
1	hmbceuveezmluxqlrdsk	15959	
3	igzeotdcjhlxelerudpx	24742	
4	loskqkyoblhehkjwdyuf	18631	
5	hsmlduhnzoobirentqby	13119	
6	mvgpwacbieohwglnwwpd	13985	
7	yhkmbvwyjqsfpofftogx	23481	
9	fleeffeddahmwzvwvgum	18194	
10	txsaxubptqldctfigfvi	23144	
11	vkhfzxoujkotrptnulxi	11196	
13	jymedwtsapravadldokf	16449	
14	lyraamxmxyoahemsxjoa	13489	
16	kqzdsmqdrlfbhqbtwwma	13743	
17	uyuppmswtxcyjkhgohgo	5123	
18	veezdtxntoyunabuqjyv	5373	
19	ixgthnglnpeswhsaxyuk	385	
20	ixdpufvquiksvcsuzhmg	21621	
21	abeobiksiiplugfeiiqs	9639	
23	lmjfovaqbpzgyslhkwuh	7175	
24	ubutsqnjdlgsltrcjtxw	15615	
25	wevoljmtmutoemdunenr	9073	
27	wjpysrbpsbdccfmqpblh	1939	
28	myzdjoudpzlotagrrvmz	23472	
32	pangofpnpnpxjgywrjnc	1973	
33	mheafaqqvbmccweaetmk	9258	
35	lmuzdoddwxwstzzacwrp	14440	
36	csyzstoibvqrhcrbspxx	16793	
37	zdxeddgothobtuwnvysm	15710	
38	jkmujyudsvowcyagkcty	19512	
40	eoqcszbbljdsxnorapqa	21549	
49	ylnbuiqmjfqqmsdpdahp	4812	
50	vtzxylwzdedtukrmujsh	14740	
51	zzusbzqmmcvegumrcfdf	2266	
54	gphufkeoxhtnxsepywgn	1597	
56	rwdsxbbuhgzswfuutncv	7963	
57	sussileibatjjisifhxk	12093	
58	lojgkpdymyessoihpfqa	1641	
59	xhiallknedocvpbowzsa	14743	
61	nwsczhmpxdsvnkeawjsn	22619	
62	vxmiawzqfqfthlbfdkce	23588	
63	qcqbvdbqrltroeetvcay	23180	
65	gddkqowwpkqhvinjlzne	18738	
66	qqyescbmjqmbvkxicwfa	19312	
69	wtpcqietwygyzodintiz	6730	
71	ivtjdcnzidipozndrbjq	11908	
73	seowhjghhaczlarjsebb	7142	
74	gggjdjrfzmkuwickogne	24870	
76	jiwfcrgpdvxsxpstjyfz	7844	
77	eoyvzlsjboysfkqrgfap	18959	
79	wlskjdrxqkuvtwdkgyzi	16097	
81	jdworbcuirpgfezdlqan	3418	
82	hqcxpolxpebnzndcuuqx	147	
87	rzbbemifxcsoafyhwdqg	6619	
88	embkqnsmtzhljhujnsfv	12861	
92	afnqlveytywrbdmmcxxi	21816	
93	pmjtsmjseqjutdbllchv	9574	
94	hinicdqgndiertleogpl	23734	
96	mttwaagxdfwmvvpjcgth	21356	
97	jgwuxinoagmjwvddcjea	23870	
98	hgzhzsufistagczmuwak	24151	
99	crnukhaosyixuykcnbhm	8578	
101	hkaksyqinonrthkcgxwr	8612	
102	cbdenmtcrqyevkiyfchn	24905	
105	zhknbctpzbryiqlmzmza	11534	
107	ilejvpilzqjoliczomev	16650	
108	fdwjdmxitjbraqljmpup	2582	
111	axzcawrocrblzogrkzwe	3417	
114	chagezrlqlhlbgcqbzcq	10186	
115	nwsjvzltdwrbpgcrrodp	17533	
116	qxymbrxqmjotololtmyw	8575	
121	dcxryfivmpghjjqidmqy	1636	
123	nldfzfxvyafernovatfz	10507	
124	tokorjwsumnjjhigffhn	13189	
126	wjuhymjxtvppaixcnfsw	16083	
129	ovksmjnbbxrfvgzocpgz	11862	
131	riqxqdehyzvagmtefkuh	21119	
133	jcqczhobfqpttqwiyplg	8073	
134	xmiwydskeontztzxsugr	1170	
136	tjppzrsoassacdniylis	9368	
137	xdsuqkyupdaibricmczu	19054	
139	vmnivzrntbmuonqnxctu	15017	
141	ruuhzvpihowacwdbajnj	12174	
142	yroxwldljovusromyxvk	193	
143	pjlbpefddbvgampizdaa	11699	
144	dbwbzixeondzvmtnkibe	3678	
146	oplzzwxufcvxpnpguxlb	10621	
148	vbcwifwgxcyfjehzvtpk	9915	
149	etvhkebrjbmgovlzbcck	19527	
150	fmzqudilkrwvrsnbqgop	15631	
151	mahzhtdpqnfilpxnsatc	4456	
152	ooznxzdaozhduxowobnj	5473	
153	pnpprtnfubmorfvejbrs	24688	
154	nvjyyhrrzqvdfsjoxvcx	8866	
156	lbllyihhhhhvkzkvstkb	2101	
162	vmybneqethqetnzavvcx	22716	
163	upaiccowdtcsfktidjza	13606	
165	qxigcnfxkapudseqncuu	4387	
168	jmerxajvnsocflczmblz	19449	
169	leusmrafrkdecmkpyamn	2678	
170	ghaxzivjfzsrdqrnelil	20990	
172	nsjkrljgazocmgfhdnps	24593	
173	auzdvrgltcnbzvergoqw	12424	
174	aojraezwhhmyoymlhpdp	7175	
176	wvsmzpfayzsxgcoabqon	1657	
177	qvjflqrpohgbfoftvdbm	7307	
184	mlvqzripfjmgcgzizmos	16828	
192	edzpkujgsrtdllhzgtlj	23704	
201	ppvxiubdqhyytvzwlryi	23917	
204	ciggbcxdkxdxivxyfcxi	16479	
228	ueozinmnsgfjiykgrmke	21904	
258	whzikekrdwkkmajwguci	11532	
270	vdfriilohijhanhxijit	23489	
272	ubzvxxinukhkslgrrlwu	21527	
273	clkonqlnjqdfnjmjzrok	7104	
284	vhygkkdlbnfjvqnzgpdu	3118	
307	qpcviksxvlgwkzfkafwi	21172	
308	trazdomjkywpjdehndld	20659	
310	dontmueswalmfwyqgtnt	3812	
313	ektwdegjxpuzcsrxyvmf	4831	
318	dqeuyjsvfyxqwxckiztq	7749	
319	bmopryqtfbbrhaiunkyt	19862	
328	lfrfgyavdkhnitmvkzty	9760	
329	lyuibkcaunbblzbrqozw	5497	
330	plbojzztrnsorzmefvva	5628	
331	slctytdktkfceledxwre	16376	
335	ttitbktbzzksotqcorts	14053	
355	hommtkbodngxsncisnkr	12557	
359	hqfwbrzxuqycculqtcyh	16237	
365	icxfirepzazkeelnrdvs	12434	
366	jmpjoynyzxmpdejdirwr	16995	
375	wcjyaemmthuluxwoubtf	13341	
378	enliprqmsfngwmntnash	2490	
390	ubmusclnqvqrcmmphtfc	9175	
404	zcqfviysctlmmhjjjqat	3722	
409	yvjozvbqmbiqkpjfwemk	13938	
411	jjqeqmwffzgyjeuwherm	7101	
419	eqcbzxmivcmfkrxfgjhe	21155	
424	jelzxjpygexjuiedqari	20302	
442	apzavzwuwchtiwggghqk	23105	
457	kzlmhotqitmmyucfwbqm	24315	
460	xeicwnujvrdlvhhbmjad	1515	
480	psrgbnbdkjhgekzwbghf	22308	
502	zxqefyfvplcmyigyhupe	6742	
519	dlaauoksotwagzurpnms	24680	
521	owcxvknxyhjueuniqqdo	12462	
524	toinagquwvtihjkfopsj	16064	
535	ludfmsiyjrlzmrmecxds	20151	
541	khheefrudzwtvtiklhzl	17823	
546	sabgljcdazituwbstqcn	8897	
553	pvgkjgopdyqklkxpioxp	20680	
562	jtnglggrsfnjhzbmvfzc	628	
564	xbvienropqtqmftymkys	11574	
567	yduvjvbmgvrhpvieximr	11862	
587	irmvljekndjhwsbkjmwj	8092	
596	jgzvtlwonhoartibzaoj	24263	
604	hgcltvzywqyyacxjafrn	10960	
610	qjkmcabgvkrrwfkejlzn	22679	
616	cklhkluzkjeexlhthjbv	18006	
621	kgdqqzedeibpkygrpenv	17546	
627	ixvownfaqcvfvgyzkkhy	8888	
631	pkvnaerkhusamnnzyvtx	23390	
635	zwwsnqchvooawajmcpte	1844	
636	blbeffpkksirjpjvojmc	17139	
640	hiwyiixinvblyjlxgfmf	2573	
654	xxwcldnwrcvcbcnrooic	21701	
668	qfbjduycdxbdmohnxnzc	13893	
671	rrxkfqwojrwbnvrinipf	11829	
673	krihtjlyhsxcnzthxuux	1774	
679	gjlxretmajizcfyodrml	24431	
684	lwtmtycwctrntsfwkwvc	23260	
